<?xml version="1.0" encoding="UTF-8"?>
<!-- Generated by org.testng.reporters.JUnitXMLReporter -->
<testsuite hostname="YOGA-PC" ignored="0" name="sanity Functional test" tests="3" failures="0" timestamp="08 Mar 2020 15:01:17 GMT" time="12.256" errors="0">
  <testcase name="verifySignUpLinkTest" time="4.51" classname="com.qa.hubspot.tests.LoginPageTest"/>
  <testcase name="verifyLoginPageTitleTest" time="0.004" classname="com.qa.hubspot.tests.LoginPageTest"/>
  <testcase name="loginTest" time="0.619" classname="com.qa.hubspot.tests.LoginPageTest"/>
</testsuite> <!-- sanity Functional test -->
