<?xml version="1.0" encoding="UTF-8"?>
<!-- Generated by org.testng.reporters.JUnitXMLReporter -->
<testsuite hostname="YOGA-PC" ignored="1" name="sanity Functional test-firefox" tests="3" failures="0" timestamp="17 Mar 2020 08:21:20 GMT" time="15.654" errors="0">
  <testcase name="verifySignUpLinkTest" time="5.589" classname="com.qa.hubspot.tests.LoginPageTest"/>
  <testcase name="verifyLoginPageTitleTest" time="0.021" classname="com.qa.hubspot.tests.LoginPageTest"/>
  <testcase name="loginTest" time="5.491" classname="com.qa.hubspot.tests.LoginPageTest"/>
  <testcase name="login_InvalidTestcase" time="0.0" classname="com.qa.hubspot.tests.LoginPageTest">
    <ignored/>
  </testcase> <!-- login_InvalidTestcase -->
</testsuite> <!-- sanity Functional test-firefox -->
